0 info it worked if it ends with ok
1 verbose cli [ '/usr/local/bin/node', '/usr/local/bin/npm', 'link', 'gulp' ]
2 info using npm@3.10.8
3 info using node@v6.9.1
4 verbose link symlinking /usr/local/lib/node_modules/gulp to /home/rafael/Documents/SisQuest/node_modules/gulp
5 silly gentlyRm /home/rafael/Documents/SisQuest/node_modules/gulp is being purged
6 verbose gentlyRm don't care about contents; nuking /home/rafael/Documents/SisQuest/node_modules/gulp
7 silly vacuum-fs purging /home/rafael/Documents/SisQuest/node_modules/gulp
8 verbose stack Error: EACCES: permission denied, unlink '/home/rafael/Documents/SisQuest/node_modules/gulp'
8 verbose stack     at Error (native)
9 verbose cwd /home/rafael/Documents/SisQuest
10 error Linux 4.8.0-1-amd64
11 error argv "/usr/local/bin/node" "/usr/local/bin/npm" "link" "gulp"
12 error node v6.9.1
13 error npm  v3.10.8
14 error path /home/rafael/Documents/SisQuest/node_modules/gulp
15 error code EACCES
16 error errno -13
17 error syscall unlink
18 error Error: EACCES: permission denied, unlink '/home/rafael/Documents/SisQuest/node_modules/gulp'
18 error     at Error (native)
18 error  { Error: EACCES: permission denied, unlink '/home/rafael/Documents/SisQuest/node_modules/gulp'
18 error     at Error (native)
18 error   errno: -13,
18 error   code: 'EACCES',
18 error   syscall: 'unlink',
18 error   path: '/home/rafael/Documents/SisQuest/node_modules/gulp' }
19 error Please try running this command again as root/Administrator.
20 verbose exit [ -13, true ]
